{
  message: 'Server started on port 5000',
  level: 'info',
  service: 'user-service',
  label: 'right meow!',
  timestamp: '2023-06-07T18:00:03.376Z'
}
{
  message: 'Server started on port 5000',
  level: 'info',
  service: 'user-service',
  label: 'right meow!',
  timestamp: '2023-06-07T18:00:33.752Z'
}
{
  message: 'database connected',
  level: 'info',
  service: 'user-service',
  label: 'right meow!',
  timestamp: '2023-06-07T18:00:35.128Z'
}
{
  message: 'Server started on port 5000',
  level: 'info',
  service: 'user-service',
  label: 'PH',
  timestamp: '2023-06-07T18:01:20.032Z'
}
{
  message: 'database connected',
  level: 'info',
  service: 'user-service',
  label: 'PH',
  timestamp: '2023-06-07T18:01:21.208Z'
}
{
  message: 'Server started on port 5000',
  level: 'info',
  service: 'user-service',
  label: 'PH',
  timestamp: '2023-06-07T18:06:50.341Z'
}
{
  message: 'Server started on port 5000',
  level: 'info',
  service: 'user-service',
  label: 'PH',
  timestamp: '2023-06-07T18:08:20.641Z'
}
{
  message: 'database connected',
  level: 'info',
  service: 'user-service',
  label: 'PH',
  timestamp: '2023-06-07T18:08:22.327Z'
}
{
  message: 'Server started on port 5000',
  level: 'info',
  service: 'user-service',
  label: 'PH',
  timestamp: '2023-06-07T18:08:34.834Z'
}
{
  message: 'Server started on port 5000',
  level: 'info',
  service: 'user-service',
  label: 'PH',
  timestamp: '2023-06-07T18:10:08.778Z'
}
{
  message: 'database connected',
  level: 'info',
  service: 'user-service',
  label: 'PH',
  timestamp: '2023-06-07T18:10:10.092Z'
}
{
  message: 'Server started on port 5000',
  level: 'info',
  service: 'user-service',
  label: 'PH',
  timestamp: '2023-06-07T18:10:46.701Z'
}
{
  message: 'Server started on port 5000',
  level: 'info',
  service: 'user-service',
  label: 'PH',
  timestamp: '2023-06-07T18:11:12.015Z'
}
Thu Jun 08 2023 0:13:28 } [PH] info: Server started on port 5000
Thu Jun 08 2023 0:13:30 } [PH] info: database connected
Thu Jun 08 2023 0:14:7 } [PH] info: Server started on port 5000
Thu Jun 08 2023 0:14:48 } [PH] info: Server started on port 5000
Thu Jun 08 2023 0:14:50 } [PH] info: database connected
